app/build/intermediates/manifest_merge_blame_file/release/manifest-merger-blame-release-report.txt
1<?xml version="1.0" encoding="utf-8"?>
2<manifest xmlns:android="http://schemas.android.com/apk/res/android"
3    package="com.example.photocompressor"
4    android:versionCode="1"
5    android:versionName="1.0" >
6
7    <uses-sdk
8        android:minSdkVersion="26"
9        android:targetSdkVersion="34" />
10
11    <!-- Permissions -->
12    <uses-permission
12-->src/main/AndroidManifest.xml:5:5-6:51
13        android:name="android.permission.READ_EXTERNAL_STORAGE"
13-->src/main/AndroidManifest.xml:5:22-77
14        android:maxSdkVersion="32" />
14-->src/main/AndroidManifest.xml:6:22-48
15    <uses-permission android:name="android.permission.READ_MEDIA_IMAGES" />
15-->src/main/AndroidManifest.xml:7:5-76
15-->src/main/AndroidManifest.xml:7:22-73
16    <uses-permission
16-->src/main/AndroidManifest.xml:8:5-9:51
17        android:name="android.permission.WRITE_EXTERNAL_STORAGE"
17-->src/main/AndroidManifest.xml:8:22-78
18        android:maxSdkVersion="28" />
18-->src/main/AndroidManifest.xml:9:22-48
19    <uses-permission android:name="android.permission.POST_NOTIFICATIONS" />
19-->src/main/AndroidManifest.xml:10:5-77
19-->src/main/AndroidManifest.xml:10:22-74
20    <uses-permission android:name="android.permission.REORDER_TASKS" />
20-->[androidx.test:core:1.4.0] AndroidManifest.xml:24:5-72
20-->[androidx.test:core:1.4.0] AndroidManifest.xml:24:22-69
21
22    <permission
22-->[androidx.core:core:1.12.0] AndroidManifest.xml:22:5-24:47
23        android:name="com.example.photocompressor.DYNAMIC_RECEIVER_NOT_EXPORTED_PERMISSION"
23-->[androidx.core:core:1.12.0] AndroidManifest.xml:23:9-81
24        android:protectionLevel="signature" />
24-->[androidx.core:core:1.12.0] AndroidManifest.xml:24:9-44
25
26    <uses-permission android:name="com.example.photocompressor.DYNAMIC_RECEIVER_NOT_EXPORTED_PERMISSION" />
26-->[androidx.core:core:1.12.0] AndroidManifest.xml:26:5-97
26-->[androidx.core:core:1.12.0] AndroidManifest.xml:26:22-94
27
28    <application
28-->src/main/AndroidManifest.xml:12:5-29:19
29        android:allowBackup="true"
29-->src/main/AndroidManifest.xml:13:9-35
30        android:appComponentFactory="androidx.core.app.CoreComponentFactory"
30-->[androidx.core:core:1.12.0] AndroidManifest.xml:28:18-86
31        android:extractNativeLibs="false"
32        android:icon="@drawable/ic_launcher"
32-->src/main/AndroidManifest.xml:14:9-45
33        android:label="@string/app_name"
33-->src/main/AndroidManifest.xml:16:9-41
34        android:roundIcon="@drawable/ic_launcher"
34-->src/main/AndroidManifest.xml:15:9-50
35        android:supportsRtl="true"
35-->src/main/AndroidManifest.xml:17:9-35
36        android:theme="@style/Theme.PhotoCompressor" >
36-->src/main/AndroidManifest.xml:18:9-53
37        <activity
37-->src/main/AndroidManifest.xml:20:9-28:20
38            android:name="com.example.photocompressor.MainActivity"
38-->src/main/AndroidManifest.xml:21:13-41
39            android:exported="true"
39-->src/main/AndroidManifest.xml:22:13-36
40            android:theme="@style/Theme.PhotoCompressor" >
40-->src/main/AndroidManifest.xml:23:13-57
41            <intent-filter>
41-->src/main/AndroidManifest.xml:24:13-27:29
42                <action android:name="android.intent.action.MAIN" />
42-->src/main/AndroidManifest.xml:25:17-69
42-->src/main/AndroidManifest.xml:25:25-66
43
44                <category android:name="android.intent.category.LAUNCHER" />
44-->src/main/AndroidManifest.xml:26:17-77
44-->src/main/AndroidManifest.xml:26:27-74
45            </intent-filter>
46        </activity>
47
48        <provider
48-->[androidx.emoji2:emoji2:1.4.0] AndroidManifest.xml:24:9-32:20
49            android:name="androidx.startup.InitializationProvider"
49-->[androidx.emoji2:emoji2:1.4.0] AndroidManifest.xml:25:13-67
50            android:authorities="com.example.photocompressor.androidx-startup"
50-->[androidx.emoji2:emoji2:1.4.0] AndroidManifest.xml:26:13-68
51            android:exported="false" >
51-->[androidx.emoji2:emoji2:1.4.0] AndroidManifest.xml:27:13-37
52            <meta-data
52-->[androidx.emoji2:emoji2:1.4.0] AndroidManifest.xml:29:13-31:52
53                android:name="androidx.emoji2.text.EmojiCompatInitializer"
53-->[androidx.emoji2:emoji2:1.4.0] AndroidManifest.xml:30:17-75
54                android:value="androidx.startup" />
54-->[androidx.emoji2:emoji2:1.4.0] AndroidManifest.xml:31:17-49
55            <meta-data
55-->[androidx.lifecycle:lifecycle-process:2.6.2] AndroidManifest.xml:29:13-31:52
56                android:name="androidx.lifecycle.ProcessLifecycleInitializer"
56-->[androidx.lifecycle:lifecycle-process:2.6.2] AndroidManifest.xml:30:17-78
57                android:value="androidx.startup" />
57-->[androidx.lifecycle:lifecycle-process:2.6.2] AndroidManifest.xml:31:17-49
58            <meta-data
58-->[androidx.profileinstaller:profileinstaller:1.3.1] AndroidManifest.xml:29:13-31:52
59                android:name="androidx.profileinstaller.ProfileInstallerInitializer"
59-->[androidx.profileinstaller:profileinstaller:1.3.1] AndroidManifest.xml:30:17-85
60                android:value="androidx.startup" />
60-->[androidx.profileinstaller:profileinstaller:1.3.1] AndroidManifest.xml:31:17-49
61        </provider>
62
63        <activity
63-->[androidx.test:core:1.4.0] AndroidManifest.xml:27:9-34:20
64            android:name="androidx.test.core.app.InstrumentationActivityInvoker$BootstrapActivity"
64-->[androidx.test:core:1.4.0] AndroidManifest.xml:28:13-99
65            android:exported="true"
65-->[androidx.test:core:1.4.0] AndroidManifest.xml:29:13-36
66            android:theme="@android:style/Theme" >
66-->[androidx.test:core:1.4.0] AndroidManifest.xml:30:13-49
67            <intent-filter>
67-->[androidx.test:core:1.4.0] AndroidManifest.xml:31:13-33:29
68                <action android:name="android.intent.action.MAIN" />
68-->src/main/AndroidManifest.xml:25:17-69
68-->src/main/AndroidManifest.xml:25:25-66
69            </intent-filter>
70        </activity>
71        <activity
71-->[androidx.test:core:1.4.0] AndroidManifest.xml:35:9-42:20
72            android:name="androidx.test.core.app.InstrumentationActivityInvoker$EmptyActivity"
72-->[androidx.test:core:1.4.0] AndroidManifest.xml:36:13-95
73            android:exported="true"
73-->[androidx.test:core:1.4.0] AndroidManifest.xml:37:13-36
74            android:theme="@android:style/Theme" >
74-->[androidx.test:core:1.4.0] AndroidManifest.xml:38:13-49
75            <intent-filter>
75-->[androidx.test:core:1.4.0] AndroidManifest.xml:31:13-33:29
76                <action android:name="android.intent.action.MAIN" />
76-->src/main/AndroidManifest.xml:25:17-69
76-->src/main/AndroidManifest.xml:25:25-66
77            </intent-filter>
78        </activity>
79        <activity
79-->[androidx.test:core:1.4.0] AndroidManifest.xml:43:9-50:20
80            android:name="androidx.test.core.app.InstrumentationActivityInvoker$EmptyFloatingActivity"
80-->[androidx.test:core:1.4.0] AndroidManifest.xml:44:13-103
81            android:exported="true"
81-->[androidx.test:core:1.4.0] AndroidManifest.xml:45:13-36
82            android:theme="@android:style/Theme.Dialog" >
82-->[androidx.test:core:1.4.0] AndroidManifest.xml:46:13-56
83            <intent-filter>
83-->[androidx.test:core:1.4.0] AndroidManifest.xml:31:13-33:29
84                <action android:name="android.intent.action.MAIN" />
84-->src/main/AndroidManifest.xml:25:17-69
84-->src/main/AndroidManifest.xml:25:25-66
85            </intent-filter>
86        </activity>
87
88        <receiver
88-->[androidx.profileinstaller:profileinstaller:1.3.1] AndroidManifest.xml:34:9-52:20
89            android:name="androidx.profileinstaller.ProfileInstallReceiver"
89-->[androidx.profileinstaller:profileinstaller:1.3.1] AndroidManifest.xml:35:13-76
90            android:directBootAware="false"
90-->[androidx.profileinstaller:profileinstaller:1.3.1] AndroidManifest.xml:36:13-44
91            android:enabled="true"
91-->[androidx.profileinstaller:profileinstaller:1.3.1] AndroidManifest.xml:37:13-35
92            android:exported="true"
92-->[androidx.profileinstaller:profileinstaller:1.3.1] AndroidManifest.xml:38:13-36
93            android:permission="android.permission.DUMP" >
93-->[androidx.profileinstaller:profileinstaller:1.3.1] AndroidManifest.xml:39:13-57
94            <intent-filter>
94-->[androidx.profileinstaller:profileinstaller:1.3.1] AndroidManifest.xml:40:13-42:29
95                <action android:name="androidx.profileinstaller.action.INSTALL_PROFILE" />
95-->[androidx.profileinstaller:profileinstaller:1.3.1] AndroidManifest.xml:41:17-91
95-->[androidx.profileinstaller:profileinstaller:1.3.1] AndroidManifest.xml:41:25-88
96            </intent-filter>
97            <intent-filter>
97-->[androidx.profileinstaller:profileinstaller:1.3.1] AndroidManifest.xml:43:13-45:29
98                <action android:name="androidx.profileinstaller.action.SKIP_FILE" />
98-->[androidx.profileinstaller:profileinstaller:1.3.1] AndroidManifest.xml:44:17-85
98-->[androidx.profileinstaller:profileinstaller:1.3.1] AndroidManifest.xml:44:25-82
99            </intent-filter>
100            <intent-filter>
100-->[androidx.profileinstaller:profileinstaller:1.3.1] AndroidManifest.xml:46:13-48:29
101                <action android:name="androidx.profileinstaller.action.SAVE_PROFILE" />
101-->[androidx.profileinstaller:profileinstaller:1.3.1] AndroidManifest.xml:47:17-88
101-->[androidx.profileinstaller:profileinstaller:1.3.1] AndroidManifest.xml:47:25-85
102            </intent-filter>
103            <intent-filter>
103-->[androidx.profileinstaller:profileinstaller:1.3.1] AndroidManifest.xml:49:13-51:29
104                <action android:name="androidx.profileinstaller.action.BENCHMARK_OPERATION" />
104-->[androidx.profileinstaller:profileinstaller:1.3.1] AndroidManifest.xml:50:17-95
104-->[androidx.profileinstaller:profileinstaller:1.3.1] AndroidManifest.xml:50:25-92
105            </intent-filter>
106        </receiver>
107    </application>
108
109</manifest>